2023-07-23 15:01:09.531 [main] INFO  c.p.accomatch.AccomatchApplication - Starting AccomatchApplication using Java 19.0.2 with PID 17520 (C:\Dal\Sem 2\ASDC\project new\group04\accomatch\target\classes started by bjkan in C:\Dal\Sem 2\ASDC\project new\group04)
2023-07-23 15:01:09.538 [main] INFO  c.p.accomatch.AccomatchApplication - No active profile set, falling back to 1 default profile: "default"
2023-07-23 15:01:12.440 [main] INFO  o.s.b.w.e.tomcat.TomcatWebServer - Tomcat initialized with port(s): 8080 (http)
2023-07-23 15:01:12.446 [main] INFO  o.a.coyote.http11.Http11NioProtocol - Initializing ProtocolHandler ["http-nio-8080"]
2023-07-23 15:01:12.449 [main] INFO  o.a.catalina.core.StandardService - Starting service [Tomcat]
2023-07-23 15:01:12.449 [main] INFO  o.a.catalina.core.StandardEngine - Starting Servlet engine: [Apache Tomcat/10.1.8]
2023-07-23 15:01:12.540 [main] INFO  o.a.c.c.C.[Tomcat].[localhost].[/] - Initializing Spring embedded WebApplicationContext
2023-07-23 15:01:12.541 [main] INFO  o.s.b.w.s.c.ServletWebServerApplicationContext - Root WebApplicationContext: initialization completed in 2861 ms
2023-07-23 15:01:13.057 [main] INFO  o.s.s.web.DefaultSecurityFilterChain - Will secure any request with [org.springframework.security.web.session.DisableEncodeUrlFilter@4640195a, org.springframework.security.web.context.request.async.WebAsyncManagerIntegrationFilter@70d77826, org.springframework.security.web.context.SecurityContextHolderFilter@20d33ea, org.springframework.security.web.header.HeaderWriterFilter@bf75b5c, org.springframework.web.filter.CorsFilter@7f323b3a, org.springframework.security.web.authentication.logout.LogoutFilter@79d3473e, com.project.accomatch.JWT.JwtFilter@4821aa9f, org.springframework.security.web.savedrequest.RequestCacheAwareFilter@5a13fcf3, org.springframework.security.web.servletapi.SecurityContextHolderAwareRequestFilter@718f805a, org.springframework.security.web.authentication.AnonymousAuthenticationFilter@4f169009, org.springframework.security.web.session.SessionManagementFilter@2bbb44da, org.springframework.security.web.access.ExceptionTranslationFilter@2e62ead7, org.springframework.security.web.access.intercept.AuthorizationFilter@3a401749]
2023-07-23 15:01:13.225 [main] INFO  o.a.coyote.http11.Http11NioProtocol - Starting ProtocolHandler ["http-nio-8080"]
2023-07-23 15:01:13.256 [main] INFO  o.s.b.w.e.tomcat.TomcatWebServer - Tomcat started on port(s): 8080 (http) with context path ''
2023-07-23 15:01:13.270 [main] INFO  c.p.accomatch.AccomatchApplication - Started AccomatchApplication in 4.293 seconds (process running for 4.898)
2023-07-23 15:01:23.257 [http-nio-8080-exec-1] INFO  o.a.c.c.C.[Tomcat].[localhost].[/] - Initializing Spring DispatcherServlet 'dispatcherServlet'
2023-07-23 15:01:23.257 [http-nio-8080-exec-1] INFO  o.s.web.servlet.DispatcherServlet - Initializing Servlet 'dispatcherServlet'
2023-07-23 15:01:23.271 [http-nio-8080-exec-1] INFO  o.s.web.servlet.DispatcherServlet - Completed initialization in 14 ms
2023-07-23 15:02:06.115 [http-nio-8080-exec-3] ERROR o.a.c.c.C.[.[.[.[dispatcherServlet] - Servlet.service() for servlet [dispatcherServlet] in context with path [] threw exception
io.jsonwebtoken.MalformedJwtException: JWT strings must contain exactly 2 period characters. Found: 0
	at io.jsonwebtoken.impl.DefaultJwtParser.parse(DefaultJwtParser.java:275)
	at io.jsonwebtoken.impl.DefaultJwtParser.parse(DefaultJwtParser.java:529)
	at io.jsonwebtoken.impl.DefaultJwtParser.parseClaimsJws(DefaultJwtParser.java:589)
	at io.jsonwebtoken.impl.ImmutableJwtParser.parseClaimsJws(ImmutableJwtParser.java:173)
	at com.project.accomatch.JWT.JwtService.extractAllClaims(JwtService.java:72)
	at com.project.accomatch.JWT.JwtService.extractClaim(JwtService.java:31)
	at com.project.accomatch.JWT.JwtService.extractUsername(JwtService.java:27)
	at com.project.accomatch.JWT.JwtFilter.doFilterInternal(JwtFilter.java:49)
	at org.springframework.web.filter.OncePerRequestFilter.doFilter(OncePerRequestFilter.java:116)
	at org.springframework.security.web.FilterChainProxy$VirtualFilterChain.doFilter(FilterChainProxy.java:374)
	at org.springframework.security.web.authentication.logout.LogoutFilter.doFilter(LogoutFilter.java:107)
	at org.springframework.security.web.authentication.logout.LogoutFilter.doFilter(LogoutFilter.java:93)
	at org.springframework.security.web.FilterChainProxy$VirtualFilterChain.doFilter(FilterChainProxy.java:374)
	at org.springframework.web.filter.CorsFilter.doFilterInternal(CorsFilter.java:91)
	at org.springframework.web.filter.OncePerRequestFilter.doFilter(OncePerRequestFilter.java:116)
	at org.springframework.security.web.FilterChainProxy$VirtualFilterChain.doFilter(FilterChainProxy.java:374)
	at org.springframework.security.web.header.HeaderWriterFilter.doHeadersAfter(HeaderWriterFilter.java:90)
	at org.springframework.security.web.header.HeaderWriterFilter.doFilterInternal(HeaderWriterFilter.java:75)
	at org.springframework.web.filter.OncePerRequestFilter.doFilter(OncePerRequestFilter.java:116)
	at org.springframework.security.web.FilterChainProxy$VirtualFilterChain.doFilter(FilterChainProxy.java:374)
	at org.springframework.security.web.context.SecurityContextHolderFilter.doFilter(SecurityContextHolderFilter.java:82)
	at org.springframework.security.web.context.SecurityContextHolderFilter.doFilter(SecurityContextHolderFilter.java:69)
	at org.springframework.security.web.FilterChainProxy$VirtualFilterChain.doFilter(FilterChainProxy.java:374)
	at org.springframework.security.web.context.request.async.WebAsyncManagerIntegrationFilter.doFilterInternal(WebAsyncManagerIntegrationFilter.java:62)
	at org.springframework.web.filter.OncePerRequestFilter.doFilter(OncePerRequestFilter.java:116)
	at org.springframework.security.web.FilterChainProxy$VirtualFilterChain.doFilter(FilterChainProxy.java:374)
	at org.springframework.security.web.session.DisableEncodeUrlFilter.doFilterInternal(DisableEncodeUrlFilter.java:42)
	at org.springframework.web.filter.OncePerRequestFilter.doFilter(OncePerRequestFilter.java:116)
	at org.springframework.security.web.FilterChainProxy$VirtualFilterChain.doFilter(FilterChainProxy.java:374)
	at org.springframework.security.web.FilterChainProxy.doFilterInternal(FilterChainProxy.java:233)
	at org.springframework.security.web.FilterChainProxy.doFilter(FilterChainProxy.java:191)
	at org.springframework.web.filter.DelegatingFilterProxy.invokeDelegate(DelegatingFilterProxy.java:352)
	at org.springframework.web.filter.DelegatingFilterProxy.doFilter(DelegatingFilterProxy.java:268)
	at org.apache.catalina.core.ApplicationFilterChain.internalDoFilter(ApplicationFilterChain.java:174)
	at org.apache.catalina.core.ApplicationFilterChain.doFilter(ApplicationFilterChain.java:149)
	at org.springframework.web.filter.RequestContextFilter.doFilterInternal(RequestContextFilter.java:100)
	at org.springframework.web.filter.OncePerRequestFilter.doFilter(OncePerRequestFilter.java:116)
	at org.apache.catalina.core.ApplicationFilterChain.internalDoFilter(ApplicationFilterChain.java:174)
	at org.apache.catalina.core.ApplicationFilterChain.doFilter(ApplicationFilterChain.java:149)
	at org.springframework.web.filter.FormContentFilter.doFilterInternal(FormContentFilter.java:93)
	at org.springframework.web.filter.OncePerRequestFilter.doFilter(OncePerRequestFilter.java:116)
	at org.apache.catalina.core.ApplicationFilterChain.internalDoFilter(ApplicationFilterChain.java:174)
	at org.apache.catalina.core.ApplicationFilterChain.doFilter(ApplicationFilterChain.java:149)
	at org.springframework.web.filter.CharacterEncodingFilter.doFilterInternal(CharacterEncodingFilter.java:201)
	at org.springframework.web.filter.OncePerRequestFilter.doFilter(OncePerRequestFilter.java:116)
	at org.apache.catalina.core.ApplicationFilterChain.internalDoFilter(ApplicationFilterChain.java:174)
	at org.apache.catalina.core.ApplicationFilterChain.doFilter(ApplicationFilterChain.java:149)
	at org.apache.catalina.core.StandardWrapperValve.invoke(StandardWrapperValve.java:166)
	at org.apache.catalina.core.StandardContextValve.invoke(StandardContextValve.java:90)
	at org.apache.catalina.authenticator.AuthenticatorBase.invoke(AuthenticatorBase.java:482)
	at org.apache.catalina.core.StandardHostValve.invoke(StandardHostValve.java:115)
	at org.apache.catalina.valves.ErrorReportValve.invoke(ErrorReportValve.java:93)
	at org.apache.catalina.core.StandardEngineValve.invoke(StandardEngineValve.java:74)
	at org.apache.catalina.connector.CoyoteAdapter.service(CoyoteAdapter.java:341)
	at org.apache.coyote.http11.Http11Processor.service(Http11Processor.java:390)
	at org.apache.coyote.AbstractProcessorLight.process(AbstractProcessorLight.java:63)
	at org.apache.coyote.AbstractProtocol$ConnectionHandler.process(AbstractProtocol.java:894)
	at org.apache.tomcat.util.net.NioEndpoint$SocketProcessor.doRun(NioEndpoint.java:1741)
	at org.apache.tomcat.util.net.SocketProcessorBase.run(SocketProcessorBase.java:52)
	at org.apache.tomcat.util.threads.ThreadPoolExecutor.runWorker(ThreadPoolExecutor.java:1191)
	at org.apache.tomcat.util.threads.ThreadPoolExecutor$Worker.run(ThreadPoolExecutor.java:659)
	at org.apache.tomcat.util.threads.TaskThread$WrappingRunnable.run(TaskThread.java:61)
	at java.base/java.lang.Thread.run(Thread.java:1589)
2023-07-23 15:02:06.432 [http-nio-8080-exec-4] ERROR o.a.c.c.C.[.[.[.[dispatcherServlet] - Servlet.service() for servlet [dispatcherServlet] in context with path [] threw exception
io.jsonwebtoken.MalformedJwtException: JWT strings must contain exactly 2 period characters. Found: 0
	at io.jsonwebtoken.impl.DefaultJwtParser.parse(DefaultJwtParser.java:275)
	at io.jsonwebtoken.impl.DefaultJwtParser.parse(DefaultJwtParser.java:529)
	at io.jsonwebtoken.impl.DefaultJwtParser.parseClaimsJws(DefaultJwtParser.java:589)
	at io.jsonwebtoken.impl.ImmutableJwtParser.parseClaimsJws(ImmutableJwtParser.java:173)
	at com.project.accomatch.JWT.JwtService.extractAllClaims(JwtService.java:72)
	at com.project.accomatch.JWT.JwtService.extractClaim(JwtService.java:31)
	at com.project.accomatch.JWT.JwtService.extractUsername(JwtService.java:27)
	at com.project.accomatch.JWT.JwtFilter.doFilterInternal(JwtFilter.java:49)
	at org.springframework.web.filter.OncePerRequestFilter.doFilter(OncePerRequestFilter.java:116)
	at org.springframework.security.web.FilterChainProxy$VirtualFilterChain.doFilter(FilterChainProxy.java:374)
	at org.springframework.security.web.authentication.logout.LogoutFilter.doFilter(LogoutFilter.java:107)
	at org.springframework.security.web.authentication.logout.LogoutFilter.doFilter(LogoutFilter.java:93)
	at org.springframework.security.web.FilterChainProxy$VirtualFilterChain.doFilter(FilterChainProxy.java:374)
	at org.springframework.web.filter.CorsFilter.doFilterInternal(CorsFilter.java:91)
	at org.springframework.web.filter.OncePerRequestFilter.doFilter(OncePerRequestFilter.java:116)
	at org.springframework.security.web.FilterChainProxy$VirtualFilterChain.doFilter(FilterChainProxy.java:374)
	at org.springframework.security.web.header.HeaderWriterFilter.doHeadersAfter(HeaderWriterFilter.java:90)
	at org.springframework.security.web.header.HeaderWriterFilter.doFilterInternal(HeaderWriterFilter.java:75)
	at org.springframework.web.filter.OncePerRequestFilter.doFilter(OncePerRequestFilter.java:116)
	at org.springframework.security.web.FilterChainProxy$VirtualFilterChain.doFilter(FilterChainProxy.java:374)
	at org.springframework.security.web.context.SecurityContextHolderFilter.doFilter(SecurityContextHolderFilter.java:82)
	at org.springframework.security.web.context.SecurityContextHolderFilter.doFilter(SecurityContextHolderFilter.java:69)
	at org.springframework.security.web.FilterChainProxy$VirtualFilterChain.doFilter(FilterChainProxy.java:374)
	at org.springframework.security.web.context.request.async.WebAsyncManagerIntegrationFilter.doFilterInternal(WebAsyncManagerIntegrationFilter.java:62)
	at org.springframework.web.filter.OncePerRequestFilter.doFilter(OncePerRequestFilter.java:116)
	at org.springframework.security.web.FilterChainProxy$VirtualFilterChain.doFilter(FilterChainProxy.java:374)
	at org.springframework.security.web.session.DisableEncodeUrlFilter.doFilterInternal(DisableEncodeUrlFilter.java:42)
	at org.springframework.web.filter.OncePerRequestFilter.doFilter(OncePerRequestFilter.java:116)
	at org.springframework.security.web.FilterChainProxy$VirtualFilterChain.doFilter(FilterChainProxy.java:374)
	at org.springframework.security.web.FilterChainProxy.doFilterInternal(FilterChainProxy.java:233)
	at org.springframework.security.web.FilterChainProxy.doFilter(FilterChainProxy.java:191)
	at org.springframework.web.filter.DelegatingFilterProxy.invokeDelegate(DelegatingFilterProxy.java:352)
	at org.springframework.web.filter.DelegatingFilterProxy.doFilter(DelegatingFilterProxy.java:268)
	at org.apache.catalina.core.ApplicationFilterChain.internalDoFilter(ApplicationFilterChain.java:174)
	at org.apache.catalina.core.ApplicationFilterChain.doFilter(ApplicationFilterChain.java:149)
	at org.springframework.web.filter.RequestContextFilter.doFilterInternal(RequestContextFilter.java:100)
	at org.springframework.web.filter.OncePerRequestFilter.doFilter(OncePerRequestFilter.java:116)
	at org.apache.catalina.core.ApplicationFilterChain.internalDoFilter(ApplicationFilterChain.java:174)
	at org.apache.catalina.core.ApplicationFilterChain.doFilter(ApplicationFilterChain.java:149)
	at org.springframework.web.filter.FormContentFilter.doFilterInternal(FormContentFilter.java:93)
	at org.springframework.web.filter.OncePerRequestFilter.doFilter(OncePerRequestFilter.java:116)
	at org.apache.catalina.core.ApplicationFilterChain.internalDoFilter(ApplicationFilterChain.java:174)
	at org.apache.catalina.core.ApplicationFilterChain.doFilter(ApplicationFilterChain.java:149)
	at org.springframework.web.filter.CharacterEncodingFilter.doFilterInternal(CharacterEncodingFilter.java:201)
	at org.springframework.web.filter.OncePerRequestFilter.doFilter(OncePerRequestFilter.java:116)
	at org.apache.catalina.core.ApplicationFilterChain.internalDoFilter(ApplicationFilterChain.java:174)
	at org.apache.catalina.core.ApplicationFilterChain.doFilter(ApplicationFilterChain.java:149)
	at org.apache.catalina.core.StandardWrapperValve.invoke(StandardWrapperValve.java:166)
	at org.apache.catalina.core.StandardContextValve.invoke(StandardContextValve.java:90)
	at org.apache.catalina.authenticator.AuthenticatorBase.invoke(AuthenticatorBase.java:482)
	at org.apache.catalina.core.StandardHostValve.invoke(StandardHostValve.java:115)
	at org.apache.catalina.valves.ErrorReportValve.invoke(ErrorReportValve.java:93)
	at org.apache.catalina.core.StandardEngineValve.invoke(StandardEngineValve.java:74)
	at org.apache.catalina.connector.CoyoteAdapter.service(CoyoteAdapter.java:341)
	at org.apache.coyote.http11.Http11Processor.service(Http11Processor.java:390)
	at org.apache.coyote.AbstractProcessorLight.process(AbstractProcessorLight.java:63)
	at org.apache.coyote.AbstractProtocol$ConnectionHandler.process(AbstractProtocol.java:894)
	at org.apache.tomcat.util.net.NioEndpoint$SocketProcessor.doRun(NioEndpoint.java:1741)
	at org.apache.tomcat.util.net.SocketProcessorBase.run(SocketProcessorBase.java:52)
	at org.apache.tomcat.util.threads.ThreadPoolExecutor.runWorker(ThreadPoolExecutor.java:1191)
	at org.apache.tomcat.util.threads.ThreadPoolExecutor$Worker.run(ThreadPoolExecutor.java:659)
	at org.apache.tomcat.util.threads.TaskThread$WrappingRunnable.run(TaskThread.java:61)
	at java.base/java.lang.Thread.run(Thread.java:1589)
2023-07-23 15:04:12.237 [main] INFO  c.p.accomatch.AccomatchApplication - Starting AccomatchApplication using Java 19.0.2 with PID 27128 (C:\Dal\Sem 2\ASDC\project new\group04\accomatch\target\classes started by bjkan in C:\Dal\Sem 2\ASDC\project new\group04)
2023-07-23 15:04:12.244 [main] INFO  c.p.accomatch.AccomatchApplication - No active profile set, falling back to 1 default profile: "default"
2023-07-23 15:04:13.708 [main] INFO  o.s.b.w.e.tomcat.TomcatWebServer - Tomcat initialized with port(s): 8080 (http)
2023-07-23 15:04:13.714 [main] INFO  o.a.coyote.http11.Http11NioProtocol - Initializing ProtocolHandler ["http-nio-8080"]
2023-07-23 15:04:13.715 [main] INFO  o.a.catalina.core.StandardService - Starting service [Tomcat]
2023-07-23 15:04:13.715 [main] INFO  o.a.catalina.core.StandardEngine - Starting Servlet engine: [Apache Tomcat/10.1.8]
2023-07-23 15:04:13.802 [main] INFO  o.a.c.c.C.[Tomcat].[localhost].[/] - Initializing Spring embedded WebApplicationContext
2023-07-23 15:04:13.803 [main] INFO  o.s.b.w.s.c.ServletWebServerApplicationContext - Root WebApplicationContext: initialization completed in 1360 ms
2023-07-23 15:04:14.284 [main] INFO  o.s.s.web.DefaultSecurityFilterChain - Will secure any request with [org.springframework.security.web.session.DisableEncodeUrlFilter@5a484ce1, org.springframework.security.web.context.request.async.WebAsyncManagerIntegrationFilter@e91b4f4, org.springframework.security.web.context.SecurityContextHolderFilter@47148f3f, org.springframework.security.web.header.HeaderWriterFilter@70d77826, org.springframework.web.filter.CorsFilter@2ffe243f, org.springframework.security.web.authentication.logout.LogoutFilter@f25f48a, com.project.accomatch.JWT.JwtFilter@58fef7f7, org.springframework.security.web.savedrequest.RequestCacheAwareFilter@1200458e, org.springframework.security.web.servletapi.SecurityContextHolderAwareRequestFilter@6dee8ae6, org.springframework.security.web.authentication.AnonymousAuthenticationFilter@58ae402b, org.springframework.security.web.session.SessionManagementFilter@1ff15a50, org.springframework.security.web.access.ExceptionTranslationFilter@2cd388f5, org.springframework.security.web.access.intercept.AuthorizationFilter@8bd076a]
2023-07-23 15:04:14.400 [main] INFO  o.a.coyote.http11.Http11NioProtocol - Starting ProtocolHandler ["http-nio-8080"]
2023-07-23 15:04:14.420 [main] INFO  o.s.b.w.e.tomcat.TomcatWebServer - Tomcat started on port(s): 8080 (http) with context path ''
2023-07-23 15:04:14.428 [main] INFO  c.p.accomatch.AccomatchApplication - Started AccomatchApplication in 2.719 seconds (process running for 3.243)
2023-07-23 15:04:28.728 [http-nio-8080-exec-2] INFO  o.a.c.c.C.[Tomcat].[localhost].[/] - Initializing Spring DispatcherServlet 'dispatcherServlet'
2023-07-23 15:04:28.728 [http-nio-8080-exec-2] INFO  o.s.web.servlet.DispatcherServlet - Initializing Servlet 'dispatcherServlet'
2023-07-23 15:04:28.744 [http-nio-8080-exec-2] INFO  o.s.web.servlet.DispatcherServlet - Completed initialization in 16 ms
2023-07-23 15:04:28.934 [http-nio-8080-exec-2] INFO  c.p.accomatch.LoggerPack.LoggerClass - Login controller active
2023-07-23 15:04:28.935 [http-nio-8080-exec-2] INFO  c.p.accomatch.LoggerPack.LoggerClass - verifying User credentials for logging in!!
2023-07-23 15:04:29.686 [http-nio-8080-exec-1] INFO  c.p.accomatch.LoggerPack.LoggerClass - Getting list of posts for user: bhargavk2742@gmail.com
2023-07-23 15:04:30.082 [http-nio-8080-exec-3] INFO  c.p.accomatch.LoggerPack.LoggerClass - Getting list of posts for user: bhargavk2742@gmail.com
2023-07-23 15:05:19.549 [http-nio-8080-exec-7] WARN  o.s.w.s.m.s.DefaultHandlerExceptionResolver - Resolved [org.springframework.web.method.annotation.MethodArgumentTypeMismatchException: Failed to convert value of type 'java.lang.String' to required type 'int'; For input string: "null"]
2023-07-23 15:05:19.588 [http-nio-8080-exec-10] WARN  o.s.w.s.m.s.DefaultHandlerExceptionResolver - Resolved [org.springframework.web.method.annotation.MethodArgumentTypeMismatchException: Failed to convert value of type 'java.lang.String' to required type 'int'; For input string: "null"]
2023-07-23 15:05:22.824 [http-nio-8080-exec-8] INFO  c.p.accomatch.LoggerPack.LoggerClass - Lease Post loogedin controller active
2023-07-23 15:05:23.576 [http-nio-8080-exec-9] INFO  c.p.accomatch.LoggerPack.LoggerClass - Getting list of posts for user: bhargavk2742@gmail.com
2023-07-23 15:05:23.941 [http-nio-8080-exec-2] INFO  c.p.accomatch.LoggerPack.LoggerClass - Getting list of posts for user: bhargavk2742@gmail.com
2023-07-23 15:05:33.929 [http-nio-8080-exec-10] INFO  c.p.accomatch.LoggerPack.LoggerClass - get user information controller active
2023-07-23 15:05:33.946 [http-nio-8080-exec-10] INFO  c.p.accomatch.LoggerPack.LoggerClass - Getting user Details
2023-07-23 15:05:34.271 [http-nio-8080-exec-8] INFO  c.p.accomatch.LoggerPack.LoggerClass - get user information controller active
2023-07-23 15:05:34.287 [http-nio-8080-exec-8] INFO  c.p.accomatch.LoggerPack.LoggerClass - Getting user Details
2023-07-23 15:05:36.872 [http-nio-8080-exec-9] INFO  c.p.accomatch.LoggerPack.LoggerClass - Getting the list of posts for Admin.
2023-07-23 15:05:37.237 [http-nio-8080-exec-1] INFO  c.p.accomatch.LoggerPack.LoggerClass - Getting the list of posts for Admin.
2023-07-23 15:05:55.950 [http-nio-8080-exec-2] INFO  c.p.accomatch.LoggerPack.LoggerClass - Lease Post loogedin controller active
2023-07-23 15:05:56.014 [http-nio-8080-exec-3] INFO  c.p.accomatch.LoggerPack.LoggerClass - Lease Post loogedin controller active
2023-07-23 15:06:00.044 [http-nio-8080-exec-4] INFO  c.p.accomatch.LoggerPack.LoggerClass - Getting list of posts for user: bhargavk2742@gmail.com
2023-07-23 15:06:00.418 [http-nio-8080-exec-6] INFO  c.p.accomatch.LoggerPack.LoggerClass - Getting list of posts for user: bhargavk2742@gmail.com
2023-07-23 15:10:02.343 [main] INFO  c.p.accomatch.AccomatchApplication - Starting AccomatchApplication using Java 19.0.2 with PID 29400 (C:\Dal\Sem 2\ASDC\project new\group04\accomatch\target\classes started by bjkan in C:\Dal\Sem 2\ASDC\project new\group04)
2023-07-23 15:10:02.343 [main] INFO  c.p.accomatch.AccomatchApplication - No active profile set, falling back to 1 default profile: "default"
2023-07-23 15:10:04.231 [main] INFO  o.s.b.w.e.tomcat.TomcatWebServer - Tomcat initialized with port(s): 8080 (http)
2023-07-23 15:10:04.247 [main] INFO  o.a.coyote.http11.Http11NioProtocol - Initializing ProtocolHandler ["http-nio-8080"]
2023-07-23 15:10:04.247 [main] INFO  o.a.catalina.core.StandardService - Starting service [Tomcat]
2023-07-23 15:10:04.247 [main] INFO  o.a.catalina.core.StandardEngine - Starting Servlet engine: [Apache Tomcat/10.1.8]
2023-07-23 15:10:04.356 [main] INFO  o.a.c.c.C.[Tomcat].[localhost].[/] - Initializing Spring embedded WebApplicationContext
2023-07-23 15:10:04.372 [main] INFO  o.s.b.w.s.c.ServletWebServerApplicationContext - Root WebApplicationContext: initialization completed in 1890 ms
2023-07-23 15:10:04.903 [main] INFO  o.s.s.web.DefaultSecurityFilterChain - Will secure any request with [org.springframework.security.web.session.DisableEncodeUrlFilter@e829999, org.springframework.security.web.context.request.async.WebAsyncManagerIntegrationFilter@66fb45e5, org.springframework.security.web.context.SecurityContextHolderFilter@202ae86f, org.springframework.security.web.header.HeaderWriterFilter@5df63359, org.springframework.web.filter.CorsFilter@6cbe68e9, org.springframework.security.web.authentication.logout.LogoutFilter@214beff9, com.project.accomatch.JWT.JwtFilter@75de6341, org.springframework.security.web.savedrequest.RequestCacheAwareFilter@35c4697c, org.springframework.security.web.servletapi.SecurityContextHolderAwareRequestFilter@2753316c, org.springframework.security.web.authentication.AnonymousAuthenticationFilter@6f5e16cf, org.springframework.security.web.session.SessionManagementFilter@41ef1ea2, org.springframework.security.web.access.ExceptionTranslationFilter@11b32a14, org.springframework.security.web.access.intercept.AuthorizationFilter@7d528cf7]
2023-07-23 15:10:05.091 [main] INFO  o.a.coyote.http11.Http11NioProtocol - Starting ProtocolHandler ["http-nio-8080"]
2023-07-23 15:10:05.122 [main] INFO  o.s.b.w.e.tomcat.TomcatWebServer - Tomcat started on port(s): 8080 (http) with context path ''
2023-07-23 15:10:05.138 [main] INFO  c.p.accomatch.AccomatchApplication - Started AccomatchApplication in 3.264 seconds (process running for 3.804)
2023-07-23 15:10:09.344 [http-nio-8080-exec-1] INFO  o.a.c.c.C.[Tomcat].[localhost].[/] - Initializing Spring DispatcherServlet 'dispatcherServlet'
2023-07-23 15:10:09.344 [http-nio-8080-exec-1] INFO  o.s.web.servlet.DispatcherServlet - Initializing Servlet 'dispatcherServlet'
2023-07-23 15:10:09.345 [http-nio-8080-exec-1] INFO  o.s.web.servlet.DispatcherServlet - Completed initialization in 1 ms
2023-07-23 15:10:09.730 [http-nio-8080-exec-1] INFO  c.p.accomatch.LoggerPack.LoggerClass - Getting list of posts for user: bhargavk2742@gmail.com
2023-07-23 15:10:09.843 [http-nio-8080-exec-2] INFO  c.p.accomatch.LoggerPack.LoggerClass - Getting list of posts for user: bhargavk2742@gmail.com
2023-07-23 15:10:23.648 [http-nio-8080-exec-5] INFO  c.p.accomatch.LoggerPack.LoggerClass - Lease Post loogedin controller active
2023-07-23 15:10:24.022 [http-nio-8080-exec-6] INFO  c.p.accomatch.LoggerPack.LoggerClass - Lease Post loogedin controller active
2023-07-23 15:10:28.809 [http-nio-8080-exec-9] INFO  c.p.accomatch.LoggerPack.LoggerClass - Lease Post loogedin controller active
2023-07-23 15:10:29.165 [http-nio-8080-exec-10] INFO  c.p.accomatch.LoggerPack.LoggerClass - Lease Post loogedin controller active
2023-07-23 15:10:37.715 [http-nio-8080-exec-5] INFO  c.p.accomatch.LoggerPack.LoggerClass - get user information controller active
2023-07-23 15:10:37.734 [http-nio-8080-exec-5] INFO  c.p.accomatch.LoggerPack.LoggerClass - Getting user Details
2023-07-23 15:10:38.049 [http-nio-8080-exec-6] INFO  c.p.accomatch.LoggerPack.LoggerClass - get user information controller active
2023-07-23 15:10:38.074 [http-nio-8080-exec-6] INFO  c.p.accomatch.LoggerPack.LoggerClass - Getting user Details
2023-07-23 15:10:38.954 [http-nio-8080-exec-7] INFO  c.p.accomatch.LoggerPack.LoggerClass - Getting the list of posts for Admin.
2023-07-23 15:10:39.312 [http-nio-8080-exec-8] INFO  c.p.accomatch.LoggerPack.LoggerClass - Getting the list of posts for Admin.
2023-07-23 15:10:43.140 [http-nio-8080-exec-9] INFO  c.p.accomatch.LoggerPack.LoggerClass - Lease Post loogedin controller active
2023-07-23 15:10:43.373 [http-nio-8080-exec-10] INFO  c.p.accomatch.LoggerPack.LoggerClass - Lease Post loogedin controller active
2023-07-23 15:10:44.266 [http-nio-8080-exec-1] INFO  c.p.accomatch.LoggerPack.LoggerClass - Getting list of posts for user: bhargavk2742@gmail.com
2023-07-23 15:10:44.629 [http-nio-8080-exec-2] INFO  c.p.accomatch.LoggerPack.LoggerClass - Getting list of posts for user: bhargavk2742@gmail.com
2023-07-23 15:10:47.247 [http-nio-8080-exec-5] INFO  c.p.accomatch.LoggerPack.LoggerClass - Getting details of post with application ID 2 for user: bhargavk2742@gmail.com
2023-07-23 15:10:47.609 [http-nio-8080-exec-7] INFO  c.p.accomatch.LoggerPack.LoggerClass - Getting list of images for post with application ID: 2
2023-07-23 15:10:47.610 [http-nio-8080-exec-6] INFO  c.p.accomatch.LoggerPack.LoggerClass - Getting details of post with application ID 2 for user: bhargavk2742@gmail.com
2023-07-23 15:10:47.865 [http-nio-8080-exec-8] INFO  c.p.accomatch.LoggerPack.LoggerClass - Getting list of images for post with application ID: 2
2023-07-23 15:10:48.004 [http-nio-8080-exec-9] INFO  c.p.accomatch.LoggerPack.LoggerClass - Getting list of food preference for post with application ID: 2
2023-07-23 15:10:48.081 [http-nio-8080-exec-10] INFO  c.p.accomatch.LoggerPack.LoggerClass - Getting list of food preference for post with application ID: 2
2023-07-23 15:10:48.390 [http-nio-8080-exec-1] INFO  c.p.accomatch.LoggerPack.LoggerClass - Getting list of gender preference for post with application ID: 2
2023-07-23 15:10:48.783 [http-nio-8080-exec-3] INFO  c.p.accomatch.LoggerPack.LoggerClass - Getting list of gender preference for post with application ID: 2
2023-07-23 15:10:58.467 [http-nio-8080-exec-7] INFO  c.p.accomatch.LoggerPack.LoggerClass - Getting details of post with application ID 2 for user: bhargavk2742@gmail.com
2023-07-23 15:10:58.835 [http-nio-8080-exec-9] INFO  c.p.accomatch.LoggerPack.LoggerClass - Getting list of images for post with application ID: 2
2023-07-23 15:10:58.837 [http-nio-8080-exec-8] INFO  c.p.accomatch.LoggerPack.LoggerClass - Getting details of post with application ID 2 for user: bhargavk2742@gmail.com
2023-07-23 15:10:59.094 [http-nio-8080-exec-10] INFO  c.p.accomatch.LoggerPack.LoggerClass - Getting list of images for post with application ID: 2
2023-07-23 15:10:59.240 [http-nio-8080-exec-1] INFO  c.p.accomatch.LoggerPack.LoggerClass - Getting list of food preference for post with application ID: 2
2023-07-23 15:10:59.334 [http-nio-8080-exec-2] INFO  c.p.accomatch.LoggerPack.LoggerClass - Getting list of food preference for post with application ID: 2
2023-07-23 15:10:59.646 [http-nio-8080-exec-3] INFO  c.p.accomatch.LoggerPack.LoggerClass - Getting list of gender preference for post with application ID: 2
2023-07-23 15:11:00.025 [http-nio-8080-exec-4] INFO  c.p.accomatch.LoggerPack.LoggerClass - Getting list of gender preference for post with application ID: 2
2023-07-23 15:13:50.922 [main] INFO  c.p.accomatch.AccomatchApplication - Starting AccomatchApplication using Java 19.0.2 with PID 2736 (C:\Dal\Sem 2\ASDC\project new\group04\accomatch\target\classes started by bjkan in C:\Dal\Sem 2\ASDC\project new\group04)
2023-07-23 15:13:50.927 [main] INFO  c.p.accomatch.AccomatchApplication - No active profile set, falling back to 1 default profile: "default"
2023-07-23 15:13:52.710 [main] INFO  o.s.b.w.e.tomcat.TomcatWebServer - Tomcat initialized with port(s): 8080 (http)
2023-07-23 15:13:52.718 [main] INFO  o.a.coyote.http11.Http11NioProtocol - Initializing ProtocolHandler ["http-nio-8080"]
2023-07-23 15:13:52.718 [main] INFO  o.a.catalina.core.StandardService - Starting service [Tomcat]
2023-07-23 15:13:52.719 [main] INFO  o.a.catalina.core.StandardEngine - Starting Servlet engine: [Apache Tomcat/10.1.8]
2023-07-23 15:13:52.813 [main] INFO  o.a.c.c.C.[Tomcat].[localhost].[/] - Initializing Spring embedded WebApplicationContext
2023-07-23 15:13:52.815 [main] INFO  o.s.b.w.s.c.ServletWebServerApplicationContext - Root WebApplicationContext: initialization completed in 1740 ms
2023-07-23 15:13:54.038 [main] INFO  o.s.s.web.DefaultSecurityFilterChain - Will secure any request with [org.springframework.security.web.session.DisableEncodeUrlFilter@5d1b1c2a, org.springframework.security.web.context.request.async.WebAsyncManagerIntegrationFilter@6397248c, org.springframework.security.web.context.SecurityContextHolderFilter@2693c618, org.springframework.security.web.header.HeaderWriterFilter@5e230fc6, org.springframework.web.filter.CorsFilter@25f61c2c, org.springframework.security.web.authentication.logout.LogoutFilter@716185fe, com.project.accomatch.JWT.JwtFilter@3e3315d9, org.springframework.security.web.savedrequest.RequestCacheAwareFilter@7ccfdaef, org.springframework.security.web.servletapi.SecurityContextHolderAwareRequestFilter@1ba467c2, org.springframework.security.web.authentication.AnonymousAuthenticationFilter@72bd2871, org.springframework.security.web.session.SessionManagementFilter@33e434c8, org.springframework.security.web.access.ExceptionTranslationFilter@c7f4457, org.springframework.security.web.access.intercept.AuthorizationFilter@7ebe2e47]
2023-07-23 15:13:54.292 [main] INFO  o.a.coyote.http11.Http11NioProtocol - Starting ProtocolHandler ["http-nio-8080"]
2023-07-23 15:13:54.371 [main] INFO  o.s.b.w.e.tomcat.TomcatWebServer - Tomcat started on port(s): 8080 (http) with context path ''
2023-07-23 15:13:54.397 [main] INFO  c.p.accomatch.AccomatchApplication - Started AccomatchApplication in 3.986 seconds (process running for 4.732)
2023-07-23 15:14:07.463 [http-nio-8080-exec-1] INFO  o.a.c.c.C.[Tomcat].[localhost].[/] - Initializing Spring DispatcherServlet 'dispatcherServlet'
2023-07-23 15:14:07.463 [http-nio-8080-exec-1] INFO  o.s.web.servlet.DispatcherServlet - Initializing Servlet 'dispatcherServlet'
2023-07-23 15:14:07.464 [http-nio-8080-exec-1] INFO  o.s.web.servlet.DispatcherServlet - Completed initialization in 1 ms
2023-07-23 15:14:08.712 [http-nio-8080-exec-1] INFO  c.p.accomatch.LoggerPack.LoggerClass - Lease Applicant controller active
2023-07-23 15:14:15.286 [http-nio-8080-exec-2] INFO  c.p.accomatch.LoggerPack.LoggerClass - Getting details of post with application ID 2 for user: bhargavk2742@gmail.com
2023-07-23 15:14:15.694 [http-nio-8080-exec-4] INFO  c.p.accomatch.LoggerPack.LoggerClass - Getting details of post with application ID 2 for user: bhargavk2742@gmail.com
2023-07-23 15:14:15.710 [http-nio-8080-exec-6] INFO  c.p.accomatch.LoggerPack.LoggerClass - Getting list of images for post with application ID: 2
2023-07-23 15:14:15.977 [http-nio-8080-exec-5] INFO  c.p.accomatch.LoggerPack.LoggerClass - Getting list of images for post with application ID: 2
2023-07-23 15:14:16.145 [http-nio-8080-exec-3] INFO  c.p.accomatch.LoggerPack.LoggerClass - Getting list of food preference for post with application ID: 2
2023-07-23 15:14:16.236 [http-nio-8080-exec-7] INFO  c.p.accomatch.LoggerPack.LoggerClass - Getting list of food preference for post with application ID: 2
2023-07-23 15:14:16.557 [http-nio-8080-exec-9] INFO  c.p.accomatch.LoggerPack.LoggerClass - Getting list of gender preference for post with application ID: 2
2023-07-23 15:14:16.955 [http-nio-8080-exec-8] INFO  c.p.accomatch.LoggerPack.LoggerClass - Getting list of gender preference for post with application ID: 2
2023-07-23 15:14:18.848 [http-nio-8080-exec-2] INFO  c.p.accomatch.LoggerPack.LoggerClass - Lease Applicant controller active
2023-07-23 15:14:19.225 [http-nio-8080-exec-4] INFO  c.p.accomatch.LoggerPack.LoggerClass - Lease Applicant controller active
2023-07-23 15:14:22.146 [http-nio-8080-exec-6] INFO  c.p.accomatch.LoggerPack.LoggerClass - Getting details of post with application ID 2 for user: bhargavk2742@gmail.com
2023-07-23 15:14:22.533 [http-nio-8080-exec-5] INFO  c.p.accomatch.LoggerPack.LoggerClass - Getting details of post with application ID 2 for user: bhargavk2742@gmail.com
2023-07-23 15:14:22.534 [http-nio-8080-exec-3] INFO  c.p.accomatch.LoggerPack.LoggerClass - Getting list of images for post with application ID: 2
2023-07-23 15:14:22.769 [http-nio-8080-exec-7] INFO  c.p.accomatch.LoggerPack.LoggerClass - Getting list of images for post with application ID: 2
2023-07-23 15:14:22.937 [http-nio-8080-exec-8] INFO  c.p.accomatch.LoggerPack.LoggerClass - Getting list of posts for user: bhargavk2742@gmail.com
2023-07-23 15:14:22.937 [http-nio-8080-exec-9] INFO  c.p.accomatch.LoggerPack.LoggerClass - Getting list of food preference for post with application ID: 2
2023-07-23 15:14:23.210 [http-nio-8080-exec-10] INFO  c.p.accomatch.LoggerPack.LoggerClass - Getting list of posts for user: bhargavk2742@gmail.com
2023-07-23 15:14:23.327 [http-nio-8080-exec-2] INFO  c.p.accomatch.LoggerPack.LoggerClass - Getting list of food preference for post with application ID: 2
2023-07-23 15:14:23.333 [http-nio-8080-exec-4] INFO  c.p.accomatch.LoggerPack.LoggerClass - Getting list of gender preference for post with application ID: 2
2023-07-23 15:14:23.749 [http-nio-8080-exec-5] INFO  c.p.accomatch.LoggerPack.LoggerClass - Getting list of gender preference for post with application ID: 2
2023-07-23 15:15:31.297 [main] INFO  c.p.accomatch.AccomatchApplication - Starting AccomatchApplication using Java 19.0.2 with PID 36228 (C:\Dal\Sem 2\ASDC\project new\group04\accomatch\target\classes started by bjkan in C:\Dal\Sem 2\ASDC\project new\group04)
2023-07-23 15:15:31.312 [main] INFO  c.p.accomatch.AccomatchApplication - No active profile set, falling back to 1 default profile: "default"
2023-07-23 15:15:33.164 [main] INFO  o.s.b.w.e.tomcat.TomcatWebServer - Tomcat initialized with port(s): 8080 (http)
2023-07-23 15:15:33.171 [main] INFO  o.a.coyote.http11.Http11NioProtocol - Initializing ProtocolHandler ["http-nio-8080"]
2023-07-23 15:15:33.172 [main] INFO  o.a.catalina.core.StandardService - Starting service [Tomcat]
2023-07-23 15:15:33.172 [main] INFO  o.a.catalina.core.StandardEngine - Starting Servlet engine: [Apache Tomcat/10.1.8]
2023-07-23 15:15:33.275 [main] INFO  o.a.c.c.C.[Tomcat].[localhost].[/] - Initializing Spring embedded WebApplicationContext
2023-07-23 15:15:33.276 [main] INFO  o.s.b.w.s.c.ServletWebServerApplicationContext - Root WebApplicationContext: initialization completed in 1857 ms
2023-07-23 15:15:34.430 [main] INFO  o.s.s.web.DefaultSecurityFilterChain - Will secure any request with [org.springframework.security.web.session.DisableEncodeUrlFilter@7ea2412c, org.springframework.security.web.context.request.async.WebAsyncManagerIntegrationFilter@1c93b51e, org.springframework.security.web.context.SecurityContextHolderFilter@d611f1c, org.springframework.security.web.header.HeaderWriterFilter@66fb45e5, org.springframework.web.filter.CorsFilter@7c0f28f8, org.springframework.security.web.authentication.logout.LogoutFilter@4215e133, com.project.accomatch.JWT.JwtFilter@66b59b7d, org.springframework.security.web.savedrequest.RequestCacheAwareFilter@51fc862e, org.springframework.security.web.servletapi.SecurityContextHolderAwareRequestFilter@1d98daa0, org.springframework.security.web.authentication.AnonymousAuthenticationFilter@2abc8034, org.springframework.security.web.session.SessionManagementFilter@484149eb, org.springframework.security.web.access.ExceptionTranslationFilter@17229821, org.springframework.security.web.access.intercept.AuthorizationFilter@554188ac]
2023-07-23 15:15:34.692 [main] INFO  o.a.coyote.http11.Http11NioProtocol - Starting ProtocolHandler ["http-nio-8080"]
2023-07-23 15:15:34.743 [main] INFO  o.s.b.w.e.tomcat.TomcatWebServer - Tomcat started on port(s): 8080 (http) with context path ''
2023-07-23 15:15:34.760 [main] INFO  c.p.accomatch.AccomatchApplication - Started AccomatchApplication in 4.055 seconds (process running for 4.668)
2023-07-23 15:15:43.387 [http-nio-8080-exec-1] INFO  o.a.c.c.C.[Tomcat].[localhost].[/] - Initializing Spring DispatcherServlet 'dispatcherServlet'
2023-07-23 15:15:43.387 [http-nio-8080-exec-1] INFO  o.s.web.servlet.DispatcherServlet - Initializing Servlet 'dispatcherServlet'
2023-07-23 15:15:43.387 [http-nio-8080-exec-1] INFO  o.s.web.servlet.DispatcherServlet - Completed initialization in 0 ms
2023-07-23 15:15:44.542 [http-nio-8080-exec-1] INFO  c.p.accomatch.LoggerPack.LoggerClass - Lease Post loogedin controller active
2023-07-23 15:15:44.721 [http-nio-8080-exec-3] INFO  c.p.accomatch.LoggerPack.LoggerClass - Lease Post loogedin controller active
2023-07-23 15:15:50.407 [http-nio-8080-exec-2] INFO  c.p.accomatch.LoggerPack.LoggerClass - Lease Post loogedin controller active
2023-07-23 15:15:50.667 [http-nio-8080-exec-4] INFO  c.p.accomatch.LoggerPack.LoggerClass - Lease Post loogedin controller active
2023-07-23 15:16:10.505 [http-nio-8080-exec-5] INFO  c.p.accomatch.LoggerPack.LoggerClass - Lease Post loogedin controller active
2023-07-23 15:16:10.601 [http-nio-8080-exec-10] INFO  c.p.accomatch.LoggerPack.LoggerClass - Lease Post loogedin controller active
2023-07-23 15:16:11.699 [http-nio-8080-exec-7] INFO  c.p.accomatch.LoggerPack.LoggerClass - Getting list of posts for user: bhargavk2742@gmail.com
2023-07-23 15:16:11.833 [http-nio-8080-exec-8] INFO  c.p.accomatch.LoggerPack.LoggerClass - Getting list of posts for user: bhargavk2742@gmail.com
2023-07-23 15:17:13.906 [main] INFO  c.p.accomatch.AccomatchApplication - Starting AccomatchApplication using Java 19.0.2 with PID 5556 (C:\Dal\Sem 2\ASDC\project new\group04\accomatch\target\classes started by bjkan in C:\Dal\Sem 2\ASDC\project new\group04)
2023-07-23 15:17:13.917 [main] INFO  c.p.accomatch.AccomatchApplication - No active profile set, falling back to 1 default profile: "default"
2023-07-23 15:17:15.452 [main] INFO  o.s.b.w.e.tomcat.TomcatWebServer - Tomcat initialized with port(s): 8080 (http)
2023-07-23 15:17:15.458 [main] INFO  o.a.coyote.http11.Http11NioProtocol - Initializing ProtocolHandler ["http-nio-8080"]
2023-07-23 15:17:15.459 [main] INFO  o.a.catalina.core.StandardService - Starting service [Tomcat]
2023-07-23 15:17:15.459 [main] INFO  o.a.catalina.core.StandardEngine - Starting Servlet engine: [Apache Tomcat/10.1.8]
2023-07-23 15:17:15.558 [main] INFO  o.a.c.c.C.[Tomcat].[localhost].[/] - Initializing Spring embedded WebApplicationContext
2023-07-23 15:17:15.558 [main] INFO  o.s.b.w.s.c.ServletWebServerApplicationContext - Root WebApplicationContext: initialization completed in 1484 ms
2023-07-23 15:17:16.128 [main] INFO  o.s.s.web.DefaultSecurityFilterChain - Will secure any request with [org.springframework.security.web.session.DisableEncodeUrlFilter@5438c17a, org.springframework.security.web.context.request.async.WebAsyncManagerIntegrationFilter@b9d018b, org.springframework.security.web.context.SecurityContextHolderFilter@2c829dbc, org.springframework.security.web.header.HeaderWriterFilter@50b0afd7, org.springframework.web.filter.CorsFilter@429aeac1, org.springframework.security.web.authentication.logout.LogoutFilter@d611f1c, com.project.accomatch.JWT.JwtFilter@3a66e67e, org.springframework.security.web.savedrequest.RequestCacheAwareFilter@839df62, org.springframework.security.web.servletapi.SecurityContextHolderAwareRequestFilter@214beff9, org.springframework.security.web.authentication.AnonymousAuthenticationFilter@79eeff87, org.springframework.security.web.session.SessionManagementFilter@4f169009, org.springframework.security.web.access.ExceptionTranslationFilter@164642a4, org.springframework.security.web.access.intercept.AuthorizationFilter@54336976]
2023-07-23 15:17:16.253 [main] INFO  o.a.coyote.http11.Http11NioProtocol - Starting ProtocolHandler ["http-nio-8080"]
2023-07-23 15:17:16.288 [main] INFO  o.s.b.w.e.tomcat.TomcatWebServer - Tomcat started on port(s): 8080 (http) with context path ''
2023-07-23 15:17:16.296 [main] INFO  c.p.accomatch.AccomatchApplication - Started AccomatchApplication in 2.88 seconds (process running for 3.496)
2023-07-23 15:17:33.874 [http-nio-8080-exec-1] INFO  o.a.c.c.C.[Tomcat].[localhost].[/] - Initializing Spring DispatcherServlet 'dispatcherServlet'
2023-07-23 15:17:33.875 [http-nio-8080-exec-1] INFO  o.s.web.servlet.DispatcherServlet - Initializing Servlet 'dispatcherServlet'
2023-07-23 15:17:33.876 [http-nio-8080-exec-1] INFO  o.s.web.servlet.DispatcherServlet - Completed initialization in 1 ms
2023-07-23 15:17:34.437 [http-nio-8080-exec-1] INFO  c.p.accomatch.LoggerPack.LoggerClass - Getting list of posts for user: bhargavk2742@gmail.com
2023-07-23 15:17:34.613 [http-nio-8080-exec-2] INFO  c.p.accomatch.LoggerPack.LoggerClass - Getting list of posts for user: bhargavk2742@gmail.com
